# JRE version: OpenJDK Runtime Environment Microsoft-8035246 (17.0.8+7) (build 17.0.8+7-LTS)
# Java VM: OpenJDK 64-Bit Server VM Microsoft-8035246 (17.0.8+7-LTS, mixed mode, sharing, tiered, compressed oops, compressed class ptrs, g1 gc, windows-amd64)
GC Precious Log:
 CPUs: 12 total, 12 available
 Memory: 16163M
 Large Page Support: Disabled
 NUMA Support: Disabled
 Compressed Oops: Enabled (32-bit)
 Heap Region Size: 1M
 Heap Min Capacity: 8M
 Heap Initial Capacity: 254M
 Heap Max Capacity: 2G
 Pre-touch: Disabled
 Parallel Workers: 10
 Concurrent Workers: 3
 Concurrent Refinement Workers: 10
 Periodic GC: Disabled
Heap:
 garbage-first heap   total 344064K, used 242119K [0x0000000080000000, 0x0000000100000000)
  region size 1024K, 23 young (23552K), 7 survivors (7168K)
 Metaspace       used 109182K, committed 110528K, reserved 557056K
  class space    used 15212K, committed 15808K, reserved 425984K
GC Heap History (20 events):
Event: 20.083 GC heap before
{Heap before GC invocations=52 (full 0):
 garbage-first heap   total 344064K, used 270165K [0x0000000080000000, 0x0000000100000000)
  region size 1024K, 130 young (133120K), 13 survivors (13312K)
 Metaspace       used 98753K, committed 99840K, reserved 557056K
  class space    used 13906K, committed 14400K, reserved 425984K
}
Event: 20.094 GC heap after
{Heap after GC invocations=53 (full 0):
 garbage-first heap   total 344064K, used 169935K [0x0000000080000000, 0x0000000100000000)
  region size 1024K, 17 young (17408K), 17 survivors (17408K)
 Metaspace       used 98753K, committed 99840K, reserved 557056K
  class space    used 13906K, committed 14400K, reserved 425984K
}
Event: 20.960 GC heap before
{Heap before GC invocations=53 (full 0):
 garbage-first heap   total 344064K, used 270287K [0x0000000080000000, 0x0000000100000000)
  region size 1024K, 115 young (117760K), 17 survivors (17408K)
 Metaspace       used 102694K, committed 103936K, reserved 557056K
  class space    used 14420K, committed 14976K, reserved 425984K
}
Event: 20.973 GC heap after
{Heap after GC invocations=54 (full 0):
 garbage-first heap   total 344064K, used 183713K [0x0000000080000000, 0x0000000100000000)
  region size 1024K, 12 young (12288K), 12 survivors (12288K)
 Metaspace       used 102694K, committed 103936K, reserved 557056K
  class space    used 14420K, committed 14976K, reserved 425984K
}
Event: 21.446 GC heap before
{Heap before GC invocations=54 (full 0):
 garbage-first heap   total 344064K, used 273825K [0x0000000080000000, 0x0000000100000000)
  region size 1024K, 101 young (103424K), 12 survivors (12288K)
 Metaspace       used 103997K, committed 105216K, reserved 557056K
  class space    used 14673K, committed 15232K, reserved 425984K
}
Event: 21.455 GC heap after
{Heap after GC invocations=55 (full 0):
 garbage-first heap   total 344064K, used 192554K [0x0000000080000000, 0x0000000100000000)
  region size 1024K, 9 young (9216K), 9 survivors (9216K)
 Metaspace       used 103997K, committed 105216K, reserved 557056K
  class space    used 14673K, committed 15232K, reserved 425984K
}
Event: 21.773 GC heap before
{Heap before GC invocations=55 (full 0):
 garbage-first heap   total 344064K, used 277546K [0x0000000080000000, 0x0000000100000000)
  region size 1024K, 93 young (95232K), 9 survivors (9216K)
 Metaspace       used 104508K, committed 105792K, reserved 557056K
  class space    used 14722K, committed 15296K, reserved 425984K
}
Event: 21.782 GC heap after
{Heap after GC invocations=56 (full 0):
 garbage-first heap   total 344064K, used 200722K [0x0000000080000000, 0x0000000100000000)
  region size 1024K, 8 young (8192K), 8 survivors (8192K)
 Metaspace       used 104508K, committed 105792K, reserved 557056K
  class space    used 14722K, committed 15296K, reserved 425984K
}
Event: 22.114 GC heap before
{Heap before GC invocations=56 (full 0):
 garbage-first heap   total 344064K, used 289810K [0x0000000080000000, 0x0000000100000000)
  region size 1024K, 88 young (90112K), 8 survivors (8192K)
 Metaspace       used 104697K, committed 105984K, reserved 557056K
  class space    used 14732K, committed 15296K, reserved 425984K
}
Event: 22.121 GC heap after
{Heap after GC invocations=57 (full 0):
 garbage-first heap   total 344064K, used 206684K [0x0000000080000000, 0x0000000100000000)
  region size 1024K, 6 young (6144K), 6 survivors (6144K)
 Metaspace       used 104697K, committed 105984K, reserved 557056K
  class space    used 14732K, committed 15296K, reserved 425984K
}
Event: 22.426 GC heap before
{Heap before GC invocations=57 (full 0):
 garbage-first heap   total 344064K, used 300892K [0x0000000080000000, 0x0000000100000000)
  region size 1024K, 83 young (84992K), 6 survivors (6144K)
 Metaspace       used 104895K, committed 106176K, reserved 557056K
  class space    used 14758K, committed 15360K, reserved 425984K
}
Event: 22.432 GC heap after
{Heap after GC invocations=58 (full 0):
 garbage-first heap   total 344064K, used 217053K [0x0000000080000000, 0x0000000100000000)
  region size 1024K, 11 young (11264K), 11 survivors (11264K)
 Metaspace       used 104895K, committed 106176K, reserved 557056K
  class space    used 14758K, committed 15360K, reserved 425984K
}
Event: 22.808 GC heap before
{Heap before GC invocations=58 (full 0):
 garbage-first heap   total 344064K, used 291805K [0x0000000080000000, 0x0000000100000000)
  region size 1024K, 81 young (82944K), 11 survivors (11264K)
 Metaspace       used 105174K, committed 106432K, reserved 557056K
  class space    used 14789K, committed 15360K, reserved 425984K
}
Event: 22.816 GC heap after
{Heap after GC invocations=59 (full 0):
 garbage-first heap   total 344064K, used 218733K [0x0000000080000000, 0x0000000100000000)
  region size 1024K, 6 young (6144K), 6 survivors (6144K)
 Metaspace       used 105174K, committed 106432K, reserved 557056K
  class space    used 14789K, committed 15360K, reserved 425984K
}
Event: 22.960 GC heap before
{Heap before GC invocations=59 (full 0):
 garbage-first heap   total 344064K, used 293485K [0x0000000080000000, 0x0000000100000000)
  region size 1024K, 76 young (77824K), 6 survivors (6144K)
 Metaspace       used 105336K, committed 106688K, reserved 557056K
  class space    used 14807K, committed 15424K, reserved 425984K
}
Event: 22.965 GC heap after
{Heap after GC invocations=60 (full 0):
 garbage-first heap   total 344064K, used 221500K [0x0000000080000000, 0x0000000100000000)
  region size 1024K, 9 young (9216K), 9 survivors (9216K)
 Metaspace       used 105336K, committed 106688K, reserved 557056K
  class space    used 14807K, committed 15424K, reserved 425984K
}
Event: 23.094 GC heap before
{Heap before GC invocations=60 (full 0):
 garbage-first heap   total 344064K, used 295228K [0x0000000080000000, 0x0000000100000000)
  region size 1024K, 78 young (79872K), 9 survivors (9216K)
 Metaspace       used 105360K, committed 106688K, reserved 557056K
  class space    used 14808K, committed 15424K, reserved 425984K
}
Event: 23.101 GC heap after
{Heap after GC invocations=61 (full 0):
 garbage-first heap   total 344064K, used 225482K [0x0000000080000000, 0x0000000100000000)
  region size 1024K, 8 young (8192K), 8 survivors (8192K)
 Metaspace       used 105360K, committed 106688K, reserved 557056K
  class space    used 14808K, committed 15424K, reserved 425984K
}
Event: 23.497 GC heap before
{Heap before GC invocations=61 (full 0):
 garbage-first heap   total 344064K, used 302282K [0x0000000080000000, 0x0000000100000000)
  region size 1024K, 75 young (76800K), 8 survivors (8192K)
 Metaspace       used 107849K, committed 109184K, reserved 557056K
  class space    used 15071K, committed 15680K, reserved 425984K
}
Event: 23.502 GC heap after
{Heap after GC invocations=62 (full 0):
 garbage-first heap   total 344064K, used 227783K [0x0000000080000000, 0x0000000100000000)
  region size 1024K, 7 young (7168K), 7 survivors (7168K)
 Metaspace       used 107849K, committed 109184K, reserved 557056K
  class space    used 15071K, committed 15680K, reserved 425984K
}

