# JRE version: OpenJDK Runtime Environment Microsoft-8035246 (17.0.8+7) (build 17.0.8+7-LTS)
# Java VM: OpenJDK 64-Bit Server VM Microsoft-8035246 (17.0.8+7-LTS, mixed mode, sharing, tiered, compressed oops, compressed class ptrs, g1 gc, windows-amd64)
GC Precious Log:
 CPUs: 12 total, 12 available
 Memory: 16163M
 Large Page Support: Disabled
 NUMA Support: Disabled
 Compressed Oops: Enabled (32-bit)
 Heap Region Size: 1M
 Heap Min Capacity: 8M
 Heap Initial Capacity: 254M
 Heap Max Capacity: 2G
 Pre-touch: Disabled
 Parallel Workers: 10
 Concurrent Workers: 3
 Concurrent Refinement Workers: 10
 Periodic GC: Disabled
Heap:
 garbage-first heap   total 297984K, used 203785K [0x0000000080000000, 0x0000000100000000)
  region size 1024K, 9 young (9216K), 7 survivors (7168K)
 Metaspace       used 104550K, committed 105856K, reserved 557056K
  class space    used 14697K, committed 15296K, reserved 425984K
GC Heap History (20 events):
Event: 20.766 GC heap before
{Heap before GC invocations=69 (full 0):
 garbage-first heap   total 247808K, used 203371K [0x0000000080000000, 0x0000000100000000)
  region size 1024K, 45 young (46080K), 3 survivors (3072K)
 Metaspace       used 97637K, committed 98816K, reserved 557056K
  class space    used 13737K, committed 14272K, reserved 425984K
}
Event: 20.771 GC heap after
{Heap after GC invocations=70 (full 0):
 garbage-first heap   total 247808K, used 170467K [0x0000000080000000, 0x0000000100000000)
  region size 1024K, 6 young (6144K), 6 survivors (6144K)
 Metaspace       used 97637K, committed 98816K, reserved 557056K
  class space    used 13737K, committed 14272K, reserved 425984K
}
Event: 21.040 GC heap before
{Heap before GC invocations=70 (full 0):
 garbage-first heap   total 247808K, used 204259K [0x0000000080000000, 0x0000000100000000)
  region size 1024K, 39 young (39936K), 6 survivors (6144K)
 Metaspace       used 99548K, committed 100608K, reserved 557056K
  class space    used 14037K, committed 14528K, reserved 425984K
}
Event: 21.045 GC heap after
{Heap after GC invocations=71 (full 0):
 garbage-first heap   total 247808K, used 173997K [0x0000000080000000, 0x0000000100000000)
  region size 1024K, 4 young (4096K), 4 survivors (4096K)
 Metaspace       used 99548K, committed 100608K, reserved 557056K
  class space    used 14037K, committed 14528K, reserved 425984K
}
Event: 21.393 GC heap before
{Heap before GC invocations=71 (full 0):
 garbage-first heap   total 247808K, used 205741K [0x0000000080000000, 0x0000000100000000)
  region size 1024K, 35 young (35840K), 4 survivors (4096K)
 Metaspace       used 101798K, committed 102912K, reserved 557056K
  class space    used 14332K, committed 14848K, reserved 425984K
}
Event: 21.397 GC heap after
{Heap after GC invocations=72 (full 0):
 garbage-first heap   total 247808K, used 176888K [0x0000000080000000, 0x0000000100000000)
  region size 1024K, 3 young (3072K), 3 survivors (3072K)
 Metaspace       used 101798K, committed 102912K, reserved 557056K
  class space    used 14332K, committed 14848K, reserved 425984K
}
Event: 21.776 GC heap before
{Heap before GC invocations=72 (full 0):
 garbage-first heap   total 247808K, used 208632K [0x0000000080000000, 0x0000000100000000)
  region size 1024K, 34 young (34816K), 3 survivors (3072K)
 Metaspace       used 102469K, committed 103680K, reserved 557056K
  class space    used 14402K, committed 14976K, reserved 425984K
}
Event: 21.782 GC heap after
{Heap after GC invocations=73 (full 0):
 garbage-first heap   total 247808K, used 182044K [0x0000000080000000, 0x0000000100000000)
  region size 1024K, 5 young (5120K), 5 survivors (5120K)
 Metaspace       used 102469K, committed 103680K, reserved 557056K
  class space    used 14402K, committed 14976K, reserved 425984K
}
Event: 22.009 GC heap before
{Heap before GC invocations=73 (full 0):
 garbage-first heap   total 247808K, used 209692K [0x0000000080000000, 0x0000000100000000)
  region size 1024K, 32 young (32768K), 5 survivors (5120K)
 Metaspace       used 102703K, committed 103936K, reserved 557056K
  class space    used 14415K, committed 14976K, reserved 425984K
}
Event: 22.014 GC heap after
{Heap after GC invocations=74 (full 0):
 garbage-first heap   total 247808K, used 185930K [0x0000000080000000, 0x0000000100000000)
  region size 1024K, 4 young (4096K), 4 survivors (4096K)
 Metaspace       used 102703K, committed 103936K, reserved 557056K
  class space    used 14415K, committed 14976K, reserved 425984K
}
Event: 22.182 GC heap before
{Heap before GC invocations=74 (full 0):
 garbage-first heap   total 247808K, used 209482K [0x0000000080000000, 0x0000000100000000)
  region size 1024K, 27 young (27648K), 4 survivors (4096K)
 Metaspace       used 102812K, committed 104000K, reserved 557056K
  class space    used 14415K, committed 14976K, reserved 425984K
}
Event: 22.186 GC heap after
{Heap after GC invocations=75 (full 0):
 garbage-first heap   total 247808K, used 187956K [0x0000000080000000, 0x0000000100000000)
  region size 1024K, 3 young (3072K), 3 survivors (3072K)
 Metaspace       used 102812K, committed 104000K, reserved 557056K
  class space    used 14415K, committed 14976K, reserved 425984K
}
Event: 22.317 GC heap before
{Heap before GC invocations=75 (full 0):
 garbage-first heap   total 247808K, used 211508K [0x0000000080000000, 0x0000000100000000)
  region size 1024K, 26 young (26624K), 3 survivors (3072K)
 Metaspace       used 102993K, committed 104192K, reserved 557056K
  class space    used 14433K, committed 14976K, reserved 425984K
}
Event: 22.321 GC heap after
{Heap after GC invocations=76 (full 0):
 garbage-first heap   total 247808K, used 190912K [0x0000000080000000, 0x0000000100000000)
  region size 1024K, 4 young (4096K), 4 survivors (4096K)
 Metaspace       used 102993K, committed 104192K, reserved 557056K
  class space    used 14433K, committed 14976K, reserved 425984K
}
Event: 22.483 GC heap before
{Heap before GC invocations=76 (full 0):
 garbage-first heap   total 247808K, used 210368K [0x0000000080000000, 0x0000000100000000)
  region size 1024K, 24 young (24576K), 4 survivors (4096K)
 Metaspace       used 103827K, committed 105088K, reserved 557056K
  class space    used 14642K, committed 15232K, reserved 425984K
}
Event: 22.487 GC heap after
{Heap after GC invocations=77 (full 0):
 garbage-first heap   total 297984K, used 192922K [0x0000000080000000, 0x0000000100000000)
  region size 1024K, 2 young (2048K), 2 survivors (2048K)
 Metaspace       used 103827K, committed 105088K, reserved 557056K
  class space    used 14642K, committed 15232K, reserved 425984K
}
Event: 22.782 GC heap before
{Heap before GC invocations=77 (full 0):
 garbage-first heap   total 297984K, used 245146K [0x0000000080000000, 0x0000000100000000)
  region size 1024K, 54 young (55296K), 2 survivors (2048K)
 Metaspace       used 104199K, committed 105408K, reserved 557056K
  class space    used 14649K, committed 15232K, reserved 425984K
}
Event: 22.785 GC heap after
{Heap after GC invocations=78 (full 0):
 garbage-first heap   total 297984K, used 194653K [0x0000000080000000, 0x0000000100000000)
  region size 1024K, 4 young (4096K), 4 survivors (4096K)
 Metaspace       used 104199K, committed 105408K, reserved 557056K
  class space    used 14649K, committed 15232K, reserved 425984K
}
Event: 23.009 GC heap before
{Heap before GC invocations=78 (full 0):
 garbage-first heap   total 297984K, used 246877K [0x0000000080000000, 0x0000000100000000)
  region size 1024K, 56 young (57344K), 4 survivors (4096K)
 Metaspace       used 104508K, committed 105792K, reserved 557056K
  class space    used 14696K, committed 15296K, reserved 425984K
}
Event: 23.014 GC heap after
{Heap after GC invocations=79 (full 0):
 garbage-first heap   total 297984K, used 199680K [0x0000000080000000, 0x0000000100000000)
  region size 1024K, 7 young (7168K), 7 survivors (7168K)
 Metaspace       used 104508K, committed 105792K, reserved 557056K
  class space    used 14696K, committed 15296K, reserved 425984K
}

